[debug] [2024-05-28T10:13:27.029Z] ----------------------------------------------------------------------
[debug] [2024-05-28T10:13:27.032Z] Command:       C:\Program Files\nodejs\node.exe C:\Users\jay\AppData\Roaming\npm\node_modules\firebase-tools\lib\bin\firebase.js emulators:start --only functions
[debug] [2024-05-28T10:13:27.032Z] CLI Version:   13.10.1
[debug] [2024-05-28T10:13:27.033Z] Platform:      win32
[debug] [2024-05-28T10:13:27.033Z] Node Version:  v20.13.1
[debug] [2024-05-28T10:13:27.033Z] Time:          Tue May 28 2024 15:43:27 GMT+0530 (India Standard Time)
[debug] [2024-05-28T10:13:27.033Z] ----------------------------------------------------------------------
[debug] 
[debug] [2024-05-28T10:13:27.194Z] > command requires scopes: ["email","openid","https://www.googleapis.com/auth/cloudplatformprojects.readonly","https://www.googleapis.com/auth/firebase","https://www.googleapis.com/auth/cloud-platform"]
[debug] [2024-05-28T10:13:27.194Z] > authorizing via signed-in user (chevlijay70@gmail.com)
[info] i  emulators: Starting emulators: functions {"metadata":{"emulator":{"name":"hub"},"message":"Starting emulators: functions"}}
[debug] [2024-05-28T10:13:27.207Z] [logging] Logging Emulator only supports listening on one address (127.0.0.1). Not listening on ::1
[debug] [2024-05-28T10:13:27.207Z] assigned listening specs for emulators {"user":{"hub":[{"address":"127.0.0.1","family":"IPv4","port":4400},{"address":"::1","family":"IPv6","port":4400}],"ui":[{"address":"127.0.0.1","family":"IPv4","port":4000},{"address":"::1","family":"IPv6","port":4000}],"logging":[{"address":"127.0.0.1","family":"IPv4","port":4500}]},"metadata":{"message":"assigned listening specs for emulators"}}
[debug] [2024-05-28T10:13:27.213Z] [hub] writing locator at C:\Users\jay\AppData\Local\Temp\hub-foodapp-424112.json
[debug] [2024-05-28T10:13:27.233Z] [functions] Functions Emulator only supports listening on one address (127.0.0.1). Not listening on ::1
[debug] [2024-05-28T10:13:27.233Z] [eventarc] Eventarc Emulator only supports listening on one address (127.0.0.1). Not listening on ::1
[debug] [2024-05-28T10:13:27.233Z] late-assigned ports for functions and eventarc emulators {"user":{"hub":[{"address":"127.0.0.1","family":"IPv4","port":4400},{"address":"::1","family":"IPv6","port":4400}],"ui":[{"address":"127.0.0.1","family":"IPv4","port":4000},{"address":"::1","family":"IPv6","port":4000}],"logging":[{"address":"127.0.0.1","family":"IPv4","port":4500}],"functions":[{"address":"127.0.0.1","family":"IPv4","port":5001}],"eventarc":[{"address":"127.0.0.1","family":"IPv4","port":9299}]},"metadata":{"message":"late-assigned ports for functions and eventarc emulators"}}
[warn] !  functions: The following emulators are not running, calls to these services from the Functions emulator will affect production: auth, firestore, database, hosting, pubsub, storage, dataconnect {"metadata":{"emulator":{"name":"functions"},"message":"The following emulators are not running, calls to these services from the Functions emulator will affect production: \u001b[1mauth, firestore, database, hosting, pubsub, storage, dataconnect\u001b[22m"}}
[debug] [2024-05-28T10:13:27.239Z] defaultcredentials: writing to file C:\Users\jay\AppData\Roaming\firebase\chevlijay70_gmail_com_application_default_credentials.json
[debug] [2024-05-28T10:13:27.243Z] Setting GAC to C:\Users\jay\AppData\Roaming\firebase\chevlijay70_gmail_com_application_default_credentials.json {"metadata":{"emulator":{"name":"functions"},"message":"Setting GAC to C:\\Users\\jay\\AppData\\Roaming\\firebase\\chevlijay70_gmail_com_application_default_credentials.json"}}
[debug] [2024-05-28T10:13:27.245Z] >>> [apiv2][query] GET https://firebase.googleapis.com/v1beta1/projects/foodapp-424112/adminSdkConfig [none]
[debug] [2024-05-28T10:13:28.120Z] <<< [apiv2][status] GET https://firebase.googleapis.com/v1beta1/projects/foodapp-424112/adminSdkConfig 200
[debug] [2024-05-28T10:13:28.120Z] <<< [apiv2][body] GET https://firebase.googleapis.com/v1beta1/projects/foodapp-424112/adminSdkConfig {"projectId":"foodapp-424112","storageBucket":"foodapp-424112.appspot.com"}
[info] i  ui: downloading ui-v1.12.1.zip... {"metadata":{"emulator":{"name":"ui"},"message":"downloading ui-v1.12.1.zip..."}}
[debug] [2024-05-28T10:13:28.147Z] >>> [apiv2][query] GET https://storage.googleapis.com/firebase-preview-drop/emulator/ui-v1.12.1.zip 
[debug] [2024-05-28T10:13:28.638Z] <<< [apiv2][status] GET https://storage.googleapis.com/firebase-preview-drop/emulator/ui-v1.12.1.zip 200
[debug] [2024-05-28T10:13:28.639Z] <<< [apiv2][body] GET https://storage.googleapis.com/firebase-preview-drop/emulator/ui-v1.12.1.zip [stream]
[debug] [2024-05-28T10:13:29.219Z] Data is 3498269
[debug] [2024-05-28T10:13:29.221Z] [unzip] Entry: client/ (compressed_size=0 bytes, uncompressed_size=0 bytes)
[debug] [2024-05-28T10:13:29.221Z] [unzip] Processing entry: client\
[debug] [2024-05-28T10:13:29.221Z] [unzip] mkdir: C:\Users\jay\.cache\firebase\emulators\ui-v1.12.1\client\
[debug] [2024-05-28T10:13:29.222Z] [unzip] Entry: client/favicon.ico (compressed_size=2933 bytes, uncompressed_size=13294 bytes)
[debug] [2024-05-28T10:13:29.222Z] [unzip] Processing entry: client\favicon.ico
[debug] [2024-05-28T10:13:29.222Z] [unzip] else mkdir: C:\Users\jay\.cache\firebase\emulators\ui-v1.12.1\client
[debug] [2024-05-28T10:13:29.222Z] [unzip] deflating: C:\Users\jay\.cache\firebase\emulators\ui-v1.12.1\client\favicon.ico
[debug] [2024-05-28T10:13:29.227Z] [unzip] Entry: client/mstile-150x150.png (compressed_size=2034 bytes, uncompressed_size=2034 bytes)
[debug] [2024-05-28T10:13:29.227Z] [unzip] Processing entry: client\mstile-150x150.png
[debug] [2024-05-28T10:13:29.227Z] [unzip] else mkdir: C:\Users\jay\.cache\firebase\emulators\ui-v1.12.1\client
[debug] [2024-05-28T10:13:29.227Z] [unzip] Writing file: C:\Users\jay\.cache\firebase\emulators\ui-v1.12.1\client\mstile-150x150.png
[debug] [2024-05-28T10:13:29.229Z] [unzip] Entry: client/favicon-16x16.png (compressed_size=293 bytes, uncompressed_size=293 bytes)
[debug] [2024-05-28T10:13:29.229Z] [unzip] Processing entry: client\favicon-16x16.png
[debug] [2024-05-28T10:13:29.229Z] [unzip] else mkdir: C:\Users\jay\.cache\firebase\emulators\ui-v1.12.1\client
[debug] [2024-05-28T10:13:29.229Z] [unzip] Writing file: C:\Users\jay\.cache\firebase\emulators\ui-v1.12.1\client\favicon-16x16.png
[debug] [2024-05-28T10:13:29.230Z] [unzip] Entry: client/favicon-32x32.png (compressed_size=475 bytes, uncompressed_size=475 bytes)
[debug] [2024-05-28T10:13:29.230Z] [unzip] Processing entry: client\favicon-32x32.png
[debug] [2024-05-28T10:13:29.230Z] [unzip] else mkdir: C:\Users\jay\.cache\firebase\emulators\ui-v1.12.1\client
[debug] [2024-05-28T10:13:29.230Z] [unzip] Writing file: C:\Users\jay\.cache\firebase\emulators\ui-v1.12.1\client\favicon-32x32.png
[debug] [2024-05-28T10:13:29.231Z] [unzip] Entry: client/manifest.json (compressed_size=245 bytes, uncompressed_size=551 bytes)
[debug] [2024-05-28T10:13:29.231Z] [unzip] Processing entry: client\manifest.json
[debug] [2024-05-28T10:13:29.231Z] [unzip] else mkdir: C:\Users\jay\.cache\firebase\emulators\ui-v1.12.1\client
[debug] [2024-05-28T10:13:29.232Z] [unzip] deflating: C:\Users\jay\.cache\firebase\emulators\ui-v1.12.1\client\manifest.json
[debug] [2024-05-28T10:13:29.233Z] [unzip] Entry: client/index.html (compressed_size=1365 bytes, uncompressed_size=3071 bytes)
[debug] [2024-05-28T10:13:29.233Z] [unzip] Processing entry: client\index.html
[debug] [2024-05-28T10:13:29.233Z] [unzip] else mkdir: C:\Users\jay\.cache\firebase\emulators\ui-v1.12.1\client
[debug] [2024-05-28T10:13:29.233Z] [unzip] deflating: C:\Users\jay\.cache\firebase\emulators\ui-v1.12.1\client\index.html
[debug] [2024-05-28T10:13:29.235Z] [unzip] Entry: client/robots.txt (compressed_size=26 bytes, uncompressed_size=26 bytes)
[debug] [2024-05-28T10:13:29.235Z] [unzip] Processing entry: client\robots.txt
[debug] [2024-05-28T10:13:29.235Z] [unzip] else mkdir: C:\Users\jay\.cache\firebase\emulators\ui-v1.12.1\client
[debug] [2024-05-28T10:13:29.235Z] [unzip] Writing file: C:\Users\jay\.cache\firebase\emulators\ui-v1.12.1\client\robots.txt
[debug] [2024-05-28T10:13:29.236Z] [unzip] Entry: client/android-chrome-512x512.png (compressed_size=5369 bytes, uncompressed_size=5411 bytes)
[debug] [2024-05-28T10:13:29.236Z] [unzip] Processing entry: client\android-chrome-512x512.png
[debug] [2024-05-28T10:13:29.236Z] [unzip] else mkdir: C:\Users\jay\.cache\firebase\emulators\ui-v1.12.1\client
[debug] [2024-05-28T10:13:29.237Z] [unzip] deflating: C:\Users\jay\.cache\firebase\emulators\ui-v1.12.1\client\android-chrome-512x512.png
[debug] [2024-05-28T10:13:29.239Z] [unzip] Entry: client/assets/ (compressed_size=0 bytes, uncompressed_size=0 bytes)
[debug] [2024-05-28T10:13:29.239Z] [unzip] Processing entry: client\assets\
[debug] [2024-05-28T10:13:29.239Z] [unzip] mkdir: C:\Users\jay\.cache\firebase\emulators\ui-v1.12.1\client\assets\
[debug] [2024-05-28T10:13:29.239Z] [unzip] Entry: client/assets/img/ (compressed_size=0 bytes, uncompressed_size=0 bytes)
[debug] [2024-05-28T10:13:29.240Z] [unzip] Processing entry: client\assets\img\
[debug] [2024-05-28T10:13:29.240Z] [unzip] mkdir: C:\Users\jay\.cache\firebase\emulators\ui-v1.12.1\client\assets\img\
[debug] [2024-05-28T10:13:29.240Z] [unzip] Entry: client/assets/img/database.png (compressed_size=29449 bytes, uncompressed_size=29988 bytes)
[debug] [2024-05-28T10:13:29.240Z] [unzip] Processing entry: client\assets\img\database.png
[debug] [2024-05-28T10:13:29.240Z] [unzip] else mkdir: C:\Users\jay\.cache\firebase\emulators\ui-v1.12.1\client\assets\img
[debug] [2024-05-28T10:13:29.240Z] [unzip] deflating: C:\Users\jay\.cache\firebase\emulators\ui-v1.12.1\client\assets\img\database.png
[debug] [2024-05-28T10:13:29.242Z] [unzip] Entry: client/assets/provider-icons/ (compressed_size=0 bytes, uncompressed_size=0 bytes)
[debug] [2024-05-28T10:13:29.242Z] [unzip] Processing entry: client\assets\provider-icons\
[debug] [2024-05-28T10:13:29.242Z] [unzip] mkdir: C:\Users\jay\.cache\firebase\emulators\ui-v1.12.1\client\assets\provider-icons\
[debug] [2024-05-28T10:13:29.243Z] [unzip] Entry: client/assets/provider-icons/auth_service_play_games.svg (compressed_size=565 bytes, uncompressed_size=1173 bytes)
[debug] [2024-05-28T10:13:29.243Z] [unzip] Processing entry: client\assets\provider-icons\auth_service_play_games.svg
[debug] [2024-05-28T10:13:29.243Z] [unzip] else mkdir: C:\Users\jay\.cache\firebase\emulators\ui-v1.12.1\client\assets\provider-icons
[debug] [2024-05-28T10:13:29.243Z] [unzip] deflating: C:\Users\jay\.cache\firebase\emulators\ui-v1.12.1\client\assets\provider-icons\auth_service_play_games.svg
[debug] [2024-05-28T10:13:29.244Z] [unzip] Entry: client/assets/provider-icons/auth_service_game_center.svg (compressed_size=991 bytes, uncompressed_size=3921 bytes)
[debug] [2024-05-28T10:13:29.245Z] [unzip] Processing entry: client\assets\provider-icons\auth_service_game_center.svg
[debug] [2024-05-28T10:13:29.245Z] [unzip] else mkdir: C:\Users\jay\.cache\firebase\emulators\ui-v1.12.1\client\assets\provider-icons
[debug] [2024-05-28T10:13:29.245Z] [unzip] deflating: C:\Users\jay\.cache\firebase\emulators\ui-v1.12.1\client\assets\provider-icons\auth_service_game_center.svg
[debug] [2024-05-28T10:13:29.246Z] [unzip] Entry: client/assets/provider-icons/auth_service_google.svg (compressed_size=409 bytes, uncompressed_size=720 bytes)
[debug] [2024-05-28T10:13:29.247Z] [unzip] Processing entry: client\assets\provider-icons\auth_service_google.svg
[debug] [2024-05-28T10:13:29.247Z] [unzip] else mkdir: C:\Users\jay\.cache\firebase\emulators\ui-v1.12.1\client\assets\provider-icons
[debug] [2024-05-28T10:13:29.247Z] [unzip] deflating: C:\Users\jay\.cache\firebase\emulators\ui-v1.12.1\client\assets\provider-icons\auth_service_google.svg
[debug] [2024-05-28T10:13:29.249Z] [unzip] Entry: client/assets/provider-icons/auth_service_yahoo.svg (compressed_size=577 bytes, uncompressed_size=1182 bytes)
[debug] [2024-05-28T10:13:29.249Z] [unzip] Processing entry: client\assets\provider-icons\auth_service_yahoo.svg
[debug] [2024-05-28T10:13:29.249Z] [unzip] else mkdir: C:\Users\jay\.cache\firebase\emulators\ui-v1.12.1\client\assets\provider-icons
[debug] [2024-05-28T10:13:29.249Z] [unzip] deflating: C:\Users\jay\.cache\firebase\emulators\ui-v1.12.1\client\assets\provider-icons\auth_service_yahoo.svg
[debug] [2024-05-28T10:13:29.251Z] [unzip] Entry: client/assets/provider-icons/auth_service_email.svg (compressed_size=228 bytes, uncompressed_size=326 bytes)
[debug] [2024-05-28T10:13:29.251Z] [unzip] Processing entry: client\assets\provider-icons\auth_service_email.svg
[debug] [2024-05-28T10:13:29.251Z] [unzip] else mkdir: C:\Users\jay\.cache\firebase\emulators\ui-v1.12.1\client\assets\provider-icons
[debug] [2024-05-28T10:13:29.251Z] [unzip] deflating: C:\Users\jay\.cache\firebase\emulators\ui-v1.12.1\client\assets\provider-icons\auth_service_email.svg
[debug] [2024-05-28T10:13:29.253Z] [unzip] Entry: client/assets/provider-icons/auth_service_saml.svg (compressed_size=575 bytes, uncompressed_size=1226 bytes)
[debug] [2024-05-28T10:13:29.253Z] [unzip] Processing entry: client\assets\provider-icons\auth_service_saml.svg
[debug] [2024-05-28T10:13:29.253Z] [unzip] else mkdir: C:\Users\jay\.cache\firebase\emulators\ui-v1.12.1\client\assets\provider-icons
[debug] [2024-05-28T10:13:29.254Z] [unzip] deflating: C:\Users\jay\.cache\firebase\emulators\ui-v1.12.1\client\assets\provider-icons\auth_service_saml.svg
[debug] [2024-05-28T10:13:29.256Z] [unzip] Entry: client/assets/provider-icons/auth_service_oidc.svg (compressed_size=414 bytes, uncompressed_size=858 bytes)
[debug] [2024-05-28T10:13:29.256Z] [unzip] Processing entry: client\assets\provider-icons\auth_service_oidc.svg
[debug] [2024-05-28T10:13:29.256Z] [unzip] else mkdir: C:\Users\jay\.cache\firebase\emulators\ui-v1.12.1\client\assets\provider-icons
[debug] [2024-05-28T10:13:29.256Z] [unzip] deflating: C:\Users\jay\.cache\firebase\emulators\ui-v1.12.1\client\assets\provider-icons\auth_service_oidc.svg
[debug] [2024-05-28T10:13:29.258Z] [unzip] Entry: client/assets/provider-icons/auth_service_facebook.svg (compressed_size=289 bytes, uncompressed_size=457 bytes)
[debug] [2024-05-28T10:13:29.258Z] [unzip] Processing entry: client\assets\provider-icons\auth_service_facebook.svg
[debug] [2024-05-28T10:13:29.258Z] [unzip] else mkdir: C:\Users\jay\.cache\firebase\emulators\ui-v1.12.1\client\assets\provider-icons
[debug] [2024-05-28T10:13:29.258Z] [unzip] deflating: C:\Users\jay\.cache\firebase\emulators\ui-v1.12.1\client\assets\provider-icons\auth_service_facebook.svg
[debug] [2024-05-28T10:13:29.260Z] [unzip] Entry: client/assets/provider-icons/auth_service_github.svg (compressed_size=466 bytes, uncompressed_size=838 bytes)
[debug] [2024-05-28T10:13:29.260Z] [unzip] Processing entry: client\assets\provider-icons\auth_service_github.svg
[debug] [2024-05-28T10:13:29.260Z] [unzip] else mkdir: C:\Users\jay\.cache\firebase\emulators\ui-v1.12.1\client\assets\provider-icons
[debug] [2024-05-28T10:13:29.260Z] [unzip] deflating: C:\Users\jay\.cache\firebase\emulators\ui-v1.12.1\client\assets\provider-icons\auth_service_github.svg
[debug] [2024-05-28T10:13:29.262Z] [unzip] Entry: client/assets/provider-icons/auth_service_phone.svg (compressed_size=261 bytes, uncompressed_size=414 bytes)
[debug] [2024-05-28T10:13:29.262Z] [unzip] Processing entry: client\assets\provider-icons\auth_service_phone.svg
[debug] [2024-05-28T10:13:29.262Z] [unzip] else mkdir: C:\Users\jay\.cache\firebase\emulators\ui-v1.12.1\client\assets\provider-icons
[debug] [2024-05-28T10:13:29.262Z] [unzip] deflating: C:\Users\jay\.cache\firebase\emulators\ui-v1.12.1\client\assets\provider-icons\auth_service_phone.svg
[debug] [2024-05-28T10:13:29.264Z] [unzip] Entry: client/assets/provider-icons/auth_service_apple.svg (compressed_size=230 bytes, uncompressed_size=334 bytes)
[debug] [2024-05-28T10:13:29.264Z] [unzip] Processing entry: client\assets\provider-icons\auth_service_apple.svg
[debug] [2024-05-28T10:13:29.264Z] [unzip] else mkdir: C:\Users\jay\.cache\firebase\emulators\ui-v1.12.1\client\assets\provider-icons
[debug] [2024-05-28T10:13:29.264Z] [unzip] deflating: C:\Users\jay\.cache\firebase\emulators\ui-v1.12.1\client\assets\provider-icons\auth_service_apple.svg
[debug] [2024-05-28T10:13:29.265Z] [unzip] Entry: client/assets/provider-icons/auth_service_twitter.svg (compressed_size=444 bytes, uncompressed_size=751 bytes)
[debug] [2024-05-28T10:13:29.265Z] [unzip] Processing entry: client\assets\provider-icons\auth_service_twitter.svg
[debug] [2024-05-28T10:13:29.265Z] [unzip] else mkdir: C:\Users\jay\.cache\firebase\emulators\ui-v1.12.1\client\assets\provider-icons
[debug] [2024-05-28T10:13:29.266Z] [unzip] deflating: C:\Users\jay\.cache\firebase\emulators\ui-v1.12.1\client\assets\provider-icons\auth_service_twitter.svg
[debug] [2024-05-28T10:13:29.267Z] [unzip] Entry: client/assets/provider-icons/auth_service_mslive.svg (compressed_size=203 bytes, uncompressed_size=378 bytes)
[debug] [2024-05-28T10:13:29.267Z] [unzip] Processing entry: client\assets\provider-icons\auth_service_mslive.svg
[debug] [2024-05-28T10:13:29.267Z] [unzip] else mkdir: C:\Users\jay\.cache\firebase\emulators\ui-v1.12.1\client\assets\provider-icons
[debug] [2024-05-28T10:13:29.267Z] [unzip] deflating: C:\Users\jay\.cache\firebase\emulators\ui-v1.12.1\client\assets\provider-icons\auth_service_mslive.svg
[debug] [2024-05-28T10:13:29.268Z] [unzip] Entry: client/assets/extensions/ (compressed_size=0 bytes, uncompressed_size=0 bytes)
[debug] [2024-05-28T10:13:29.269Z] [unzip] Processing entry: client\assets\extensions\
[debug] [2024-05-28T10:13:29.269Z] [unzip] mkdir: C:\Users\jay\.cache\firebase\emulators\ui-v1.12.1\client\assets\extensions\
[debug] [2024-05-28T10:13:29.269Z] [unzip] Entry: client/assets/extensions/default-extension.png (compressed_size=1646 bytes, uncompressed_size=1657 bytes)
[debug] [2024-05-28T10:13:29.269Z] [unzip] Processing entry: client\assets\extensions\default-extension.png
[debug] [2024-05-28T10:13:29.269Z] [unzip] else mkdir: C:\Users\jay\.cache\firebase\emulators\ui-v1.12.1\client\assets\extensions
[debug] [2024-05-28T10:13:29.270Z] [unzip] deflating: C:\Users\jay\.cache\firebase\emulators\ui-v1.12.1\client\assets\extensions\default-extension.png
[debug] [2024-05-28T10:13:29.272Z] [unzip] Entry: client/assets/index-Cj5I7867.css (compressed_size=35786 bytes, uncompressed_size=297937 bytes)
[debug] [2024-05-28T10:13:29.272Z] [unzip] Processing entry: client\assets\index-Cj5I7867.css
[debug] [2024-05-28T10:13:29.272Z] [unzip] else mkdir: C:\Users\jay\.cache\firebase\emulators\ui-v1.12.1\client\assets
[debug] [2024-05-28T10:13:29.272Z] [unzip] deflating: C:\Users\jay\.cache\firebase\emulators\ui-v1.12.1\client\assets\index-Cj5I7867.css
[debug] [2024-05-28T10:13:29.276Z] [unzip] Entry: client/assets/index-JXEx31eZ.js (compressed_size=563896 bytes, uncompressed_size=2020866 bytes)
[debug] [2024-05-28T10:13:29.276Z] [unzip] Processing entry: client\assets\index-JXEx31eZ.js
[debug] [2024-05-28T10:13:29.276Z] [unzip] else mkdir: C:\Users\jay\.cache\firebase\emulators\ui-v1.12.1\client\assets
[debug] [2024-05-28T10:13:29.276Z] [unzip] deflating: C:\Users\jay\.cache\firebase\emulators\ui-v1.12.1\client\assets\index-JXEx31eZ.js
[debug] [2024-05-28T10:13:29.293Z] [unzip] Entry: client/assets/index-JXEx31eZ.js.map (compressed_size=2229196 bytes, uncompressed_size=9596104 bytes)
[debug] [2024-05-28T10:13:29.293Z] [unzip] Processing entry: client\assets\index-JXEx31eZ.js.map
[debug] [2024-05-28T10:13:29.293Z] [unzip] else mkdir: C:\Users\jay\.cache\firebase\emulators\ui-v1.12.1\client\assets
[debug] [2024-05-28T10:13:29.293Z] [unzip] deflating: C:\Users\jay\.cache\firebase\emulators\ui-v1.12.1\client\assets\index-JXEx31eZ.js.map
[debug] [2024-05-28T10:13:29.384Z] [unzip] Entry: client/safari-pinned-tab.svg (compressed_size=1433 bytes, uncompressed_size=2611 bytes)
[debug] [2024-05-28T10:13:29.384Z] [unzip] Processing entry: client\safari-pinned-tab.svg
[debug] [2024-05-28T10:13:29.385Z] [unzip] else mkdir: C:\Users\jay\.cache\firebase\emulators\ui-v1.12.1\client
[debug] [2024-05-28T10:13:29.385Z] [unzip] deflating: C:\Users\jay\.cache\firebase\emulators\ui-v1.12.1\client\safari-pinned-tab.svg
[debug] [2024-05-28T10:13:29.386Z] [unzip] Entry: client/browserconfig.xml (compressed_size=491 bytes, uncompressed_size=822 bytes)
[debug] [2024-05-28T10:13:29.386Z] [unzip] Processing entry: client\browserconfig.xml
[debug] [2024-05-28T10:13:29.386Z] [unzip] else mkdir: C:\Users\jay\.cache\firebase\emulators\ui-v1.12.1\client
[debug] [2024-05-28T10:13:29.387Z] [unzip] deflating: C:\Users\jay\.cache\firebase\emulators\ui-v1.12.1\client\browserconfig.xml
[debug] [2024-05-28T10:13:29.388Z] [unzip] Entry: client/android-chrome-192x192.png (compressed_size=2684 bytes, uncompressed_size=2684 bytes)
[debug] [2024-05-28T10:13:29.388Z] [unzip] Processing entry: client\android-chrome-192x192.png
[debug] [2024-05-28T10:13:29.388Z] [unzip] else mkdir: C:\Users\jay\.cache\firebase\emulators\ui-v1.12.1\client
[debug] [2024-05-28T10:13:29.388Z] [unzip] Writing file: C:\Users\jay\.cache\firebase\emulators\ui-v1.12.1\client\android-chrome-192x192.png
[debug] [2024-05-28T10:13:29.389Z] [unzip] Entry: client/apple-touch-icon.png (compressed_size=2123 bytes, uncompressed_size=2152 bytes)
[debug] [2024-05-28T10:13:29.389Z] [unzip] Processing entry: client\apple-touch-icon.png
[debug] [2024-05-28T10:13:29.389Z] [unzip] else mkdir: C:\Users\jay\.cache\firebase\emulators\ui-v1.12.1\client
[debug] [2024-05-28T10:13:29.390Z] [unzip] deflating: C:\Users\jay\.cache\firebase\emulators\ui-v1.12.1\client\apple-touch-icon.png
[debug] [2024-05-28T10:13:29.391Z] [unzip] Entry: server/ (compressed_size=0 bytes, uncompressed_size=0 bytes)
[debug] [2024-05-28T10:13:29.391Z] [unzip] Processing entry: server\
[debug] [2024-05-28T10:13:29.391Z] [unzip] mkdir: C:\Users\jay\.cache\firebase\emulators\ui-v1.12.1\server\
[debug] [2024-05-28T10:13:29.391Z] [unzip] Entry: server/server.mjs.map (compressed_size=286219 bytes, uncompressed_size=1310517 bytes)
[debug] [2024-05-28T10:13:29.391Z] [unzip] Processing entry: server\server.mjs.map
[debug] [2024-05-28T10:13:29.391Z] [unzip] else mkdir: C:\Users\jay\.cache\firebase\emulators\ui-v1.12.1\server
[debug] [2024-05-28T10:13:29.392Z] [unzip] deflating: C:\Users\jay\.cache\firebase\emulators\ui-v1.12.1\server\server.mjs.map
[debug] [2024-05-28T10:13:29.402Z] [unzip] Entry: server/assets/ (compressed_size=0 bytes, uncompressed_size=0 bytes)
[debug] [2024-05-28T10:13:29.402Z] [unzip] Processing entry: server\assets\
[debug] [2024-05-28T10:13:29.402Z] [unzip] mkdir: C:\Users\jay\.cache\firebase\emulators\ui-v1.12.1\server\assets\
[debug] [2024-05-28T10:13:29.402Z] [unzip] Entry: server/assets/multipart-parser-n20ATYm_.mjs.map (compressed_size=4790 bytes, uncompressed_size=17920 bytes)
[debug] [2024-05-28T10:13:29.402Z] [unzip] Processing entry: server\assets\multipart-parser-n20ATYm_.mjs.map
[debug] [2024-05-28T10:13:29.402Z] [unzip] else mkdir: C:\Users\jay\.cache\firebase\emulators\ui-v1.12.1\server\assets
[debug] [2024-05-28T10:13:29.403Z] [unzip] deflating: C:\Users\jay\.cache\firebase\emulators\ui-v1.12.1\server\assets\multipart-parser-n20ATYm_.mjs.map
[debug] [2024-05-28T10:13:29.404Z] [unzip] Entry: server/assets/multipart-parser-n20ATYm_.mjs (compressed_size=2625 bytes, uncompressed_size=10428 bytes)
[debug] [2024-05-28T10:13:29.404Z] [unzip] Processing entry: server\assets\multipart-parser-n20ATYm_.mjs
[debug] [2024-05-28T10:13:29.404Z] [unzip] else mkdir: C:\Users\jay\.cache\firebase\emulators\ui-v1.12.1\server\assets
[debug] [2024-05-28T10:13:29.404Z] [unzip] deflating: C:\Users\jay\.cache\firebase\emulators\ui-v1.12.1\server\assets\multipart-parser-n20ATYm_.mjs
[debug] [2024-05-28T10:13:29.405Z] [unzip] Entry: server/server.mjs (compressed_size=311497 bytes, uncompressed_size=1147307 bytes)
[debug] [2024-05-28T10:13:29.405Z] [unzip] Processing entry: server\server.mjs
[debug] [2024-05-28T10:13:29.405Z] [unzip] else mkdir: C:\Users\jay\.cache\firebase\emulators\ui-v1.12.1\server
[debug] [2024-05-28T10:13:29.406Z] [unzip] deflating: C:\Users\jay\.cache\firebase\emulators\ui-v1.12.1\server\server.mjs
[debug] [2024-05-28T10:13:29.414Z] Ignoring unsupported arg: auto_download {"metadata":{"emulator":{"name":"ui"},"message":"Ignoring unsupported arg: auto_download"}}
[debug] [2024-05-28T10:13:29.414Z] Ignoring unsupported arg: port {"metadata":{"emulator":{"name":"ui"},"message":"Ignoring unsupported arg: port"}}
[debug] [2024-05-28T10:13:29.414Z] Starting Emulator UI with command {"binary":"node","args":["C:\\Users\\jay\\.cache\\firebase\\emulators\\ui-v1.12.1\\server\\server.mjs"],"optionalArgs":[],"joinArgs":false,"shell":false} {"metadata":{"emulator":{"name":"ui"},"message":"Starting Emulator UI with command {\"binary\":\"node\",\"args\":[\"C:\\\\Users\\\\jay\\\\.cache\\\\firebase\\\\emulators\\\\ui-v1.12.1\\\\server\\\\server.mjs\"],\"optionalArgs\":[],\"joinArgs\":false,\"shell\":false}"}}
[info] i  ui: Emulator UI logging to ui-debug.log {"metadata":{"emulator":{"name":"ui"},"message":"Emulator UI logging to \u001b[1mui-debug.log\u001b[22m"}}
[debug] [2024-05-28T10:13:29.580Z] Web / API server started at 127.0.0.1:4000
 {"metadata":{"emulator":{"name":"ui"},"message":"Web / API server started at 127.0.0.1:4000\n"}}
[debug] [2024-05-28T10:13:29.581Z] Web / API server started at ::1:4000
 {"metadata":{"emulator":{"name":"ui"},"message":"Web / API server started at ::1:4000\n"}}
[info] i  functions: Watching "H:\Opash_Software\Udemy_ReactNative\Project_FoodApp\FoodApp\functions" for Cloud Functions... {"metadata":{"emulator":{"name":"functions"},"message":"Watching \"H:\\Opash_Software\\Udemy_ReactNative\\Project_FoodApp\\FoodApp\\functions\" for Cloud Functions..."}}
[debug] [2024-05-28T10:13:29.640Z] Validating nodejs source
[debug] [2024-05-28T10:13:31.552Z] > [functions] package.json contents: {
  "name": "functions",
  "description": "Cloud Functions for Firebase",
  "scripts": {
    "serve": "firebase emulators:start --only functions",
    "shell": "firebase functions:shell",
    "start": "npm run shell",
    "deploy": "firebase deploy --only functions",
    "logs": "firebase functions:log"
  },
  "engines": {
    "node": "18"
  },
  "main": "index.js",
  "dependencies": {
    "firebase-admin": "^12.1.0",
    "firebase-functions": "^5.0.0"
  },
  "devDependencies": {
    "firebase-functions-test": "^3.1.0"
  },
  "private": true
}
[debug] [2024-05-28T10:13:31.552Z] Building nodejs source
[debug] [2024-05-28T10:13:31.553Z] Failed to find version of module node: reached end of search path H:\Opash_Software\Udemy_ReactNative\Project_FoodApp\FoodApp\functions\node_modules
[warn] !  functions: Your requested "node" version "18" doesn't match your global version "20". Using node@20 from host. 
[debug] [2024-05-28T10:13:31.556Z] Could not find functions.yaml. Must use http discovery
[debug] [2024-05-28T10:13:31.567Z] Found firebase-functions binary at 'H:\Opash_Software\Udemy_ReactNative\Project_FoodApp\FoodApp\functions\node_modules\.bin\firebase-functions'
[info] Serving at port 8938

[debug] [2024-05-28T10:13:32.075Z] Got response from /__/functions.yaml {"endpoints":{},"specVersion":"v1alpha1","requiredAPIs":[]}
[info] +  functions: Loaded functions definitions from source: . {"metadata":{"emulator":{"name":"functions"},"message":"Loaded functions definitions from source: ."}}
[info] 
┌─────────────────────────────────────────────────────────────┐
│ ✔  All emulators ready! It is now safe to connect your app. │
│ i  View Emulator UI at http://127.0.0.1:4000/               │
└─────────────────────────────────────────────────────────────┘

┌───────────┬────────────────┬─────────────────────────────────┐
│ Emulator  │ Host:Port      │ View in Emulator UI             │
├───────────┼────────────────┼─────────────────────────────────┤
│ Functions │ 127.0.0.1:5001 │ http://127.0.0.1:4000/functions │
└───────────┴────────────────┴─────────────────────────────────┘
  Emulator Hub running at 127.0.0.1:4400
  Other reserved ports: 4500

Issues? Report them at https://github.com/firebase/firebase-tools/issues and attach the *-debug.log files.
 
[debug] [2024-05-28T10:14:10.204Z] Functions emulator received unknown request at path /
[debug] [2024-05-28T10:14:10.245Z] Functions emulator received unknown request at path /favicon.ico
[debug] [2024-05-28T10:14:39.248Z] File H:\Opash_Software\Udemy_ReactNative\Project_FoodApp\FoodApp\functions\index.js changed, reloading triggers {"metadata":{"emulator":{"name":"functions"},"message":"File H:\\Opash_Software\\Udemy_ReactNative\\Project_FoodApp\\FoodApp\\functions\\index.js changed, reloading triggers"}}
[debug] [2024-05-28T10:14:40.259Z] Validating nodejs source
[debug] [2024-05-28T10:14:41.993Z] > [functions] package.json contents: {
  "name": "functions",
  "description": "Cloud Functions for Firebase",
  "scripts": {
    "serve": "firebase emulators:start --only functions",
    "shell": "firebase functions:shell",
    "start": "npm run shell",
    "deploy": "firebase deploy --only functions",
    "logs": "firebase functions:log"
  },
  "engines": {
    "node": "18"
  },
  "main": "index.js",
  "dependencies": {
    "firebase-admin": "^12.1.0",
    "firebase-functions": "^5.0.0"
  },
  "devDependencies": {
    "firebase-functions-test": "^3.1.0"
  },
  "private": true
}
[debug] [2024-05-28T10:14:41.994Z] Building nodejs source
[debug] [2024-05-28T10:14:41.994Z] Failed to find version of module node: reached end of search path H:\Opash_Software\Udemy_ReactNative\Project_FoodApp\FoodApp\functions\node_modules
[warn] !  functions: Your requested "node" version "18" doesn't match your global version "20". Using node@20 from host. 
[debug] [2024-05-28T10:14:41.997Z] Could not find functions.yaml. Must use http discovery
[debug] [2024-05-28T10:14:42.014Z] Found firebase-functions binary at 'H:\Opash_Software\Udemy_ReactNative\Project_FoodApp\FoodApp\functions\node_modules\.bin\firebase-functions'
[info] Serving at port 8114

[debug] [2024-05-28T10:14:42.563Z] Got response from /__/functions.yaml {"endpoints":{"helloWorld":{"availableMemoryMb":null,"timeoutSeconds":null,"minInstances":null,"maxInstances":null,"ingressSettings":null,"concurrency":null,"serviceAccountEmail":null,"vpc":null,"platform":"gcfv2","labels":{},"httpsTrigger":{},"entryPoint":"helloWorld"}},"specVersion":"v1alpha1","requiredAPIs":[]}
[info] +  functions: Loaded functions definitions from source: helloWorld. {"metadata":{"emulator":{"name":"functions"},"message":"Loaded functions definitions from source: helloWorld."}}
[info] +  functions[us-central1-helloWorld]: http function initialized (http://127.0.0.1:5001/foodapp-424112/us-central1/helloWorld). {"metadata":{"emulator":{"name":"functions"},"message":"\u001b[1mhttp\u001b[22m function initialized (http://127.0.0.1:5001/foodapp-424112/us-central1/helloWorld)."}}
[debug] [2024-05-28T10:15:03.363Z] [work-queue] {"queuedWork":["/foodapp-424112/us-central1/helloWorld-2024-05-28T10:15:03.362Z"],"queueLength":1,"runningWork":[],"workRunningCount":0}
[debug] [2024-05-28T10:15:03.363Z] [work-queue] {"queuedWork":[],"queueLength":0,"runningWork":["/foodapp-424112/us-central1/helloWorld-2024-05-28T10:15:03.362Z"],"workRunningCount":1}
[debug] [2024-05-28T10:15:03.364Z] Accepted request GET /foodapp-424112/us-central1/helloWorld --> us-central1-helloWorld
[debug] [2024-05-28T10:15:03.369Z] [functions] Runtime ready! Sending request! {"metadata":{"emulator":{"name":"functions"},"message":"[functions] Runtime ready! Sending request!"}}
[debug] [2024-05-28T10:15:03.369Z] [functions] Got req.url=/foodapp-424112/us-central1/helloWorld, mapping to path=/ {"metadata":{"emulator":{"name":"functions"},"message":"[functions] Got req.url=/foodapp-424112/us-central1/helloWorld, mapping to path=/"}}
[debug] [2024-05-28T10:15:03.378Z] [worker-pool] addWorker(us-central1-helloWorld) {"metadata":{"emulator":{"name":"functions"},"message":"[worker-pool] addWorker(us-central1-helloWorld)"}}
[debug] [2024-05-28T10:15:03.379Z] [worker-pool] Adding worker with key us-central1-helloWorld, total=1 {"metadata":{"emulator":{"name":"functions"},"message":"[worker-pool] Adding worker with key us-central1-helloWorld, total=1"}}
[debug] [2024-05-28T10:15:04.694Z] [runtime-status] [12416] Resolved module firebase-admin {"declared":true,"installed":true,"version":"12.1.1","resolution":"H:\\Opash_Software\\Udemy_ReactNative\\Project_FoodApp\\FoodApp\\functions\\node_modules\\firebase-admin\\lib\\index.js"} {"metadata":{"emulator":{"name":"functions"},"function":{"name":"us-central1-helloWorld"},"extension":{},"message":"[runtime-status] [12416] Resolved module firebase-admin {\"declared\":true,\"installed\":true,\"version\":\"12.1.1\",\"resolution\":\"H:\\\\Opash_Software\\\\Udemy_ReactNative\\\\Project_FoodApp\\\\FoodApp\\\\functions\\\\node_modules\\\\firebase-admin\\\\lib\\\\index.js\"}"}}
[debug] [2024-05-28T10:15:04.695Z] [runtime-status] [12416] Resolved module firebase-functions {"declared":true,"installed":true,"version":"5.0.1","resolution":"H:\\Opash_Software\\Udemy_ReactNative\\Project_FoodApp\\FoodApp\\functions\\node_modules\\firebase-functions\\lib\\v1\\index.js"} {"metadata":{"emulator":{"name":"functions"},"function":{"name":"us-central1-helloWorld"},"extension":{},"message":"[runtime-status] [12416] Resolved module firebase-functions {\"declared\":true,\"installed\":true,\"version\":\"5.0.1\",\"resolution\":\"H:\\\\Opash_Software\\\\Udemy_ReactNative\\\\Project_FoodApp\\\\FoodApp\\\\functions\\\\node_modules\\\\firebase-functions\\\\lib\\\\v1\\\\index.js\"}"}}
[debug] [2024-05-28T10:15:04.696Z] [runtime-status] [12416] Outgoing network have been stubbed. [{"name":"http","status":"mocked"},{"name":"http","status":"mocked"},{"name":"https","status":"mocked"},{"name":"https","status":"mocked"},{"name":"net","status":"mocked"}] {"metadata":{"emulator":{"name":"functions"},"function":{"name":"us-central1-helloWorld"},"extension":{},"message":"[runtime-status] [12416] Outgoing network have been stubbed. [{\"name\":\"http\",\"status\":\"mocked\"},{\"name\":\"http\",\"status\":\"mocked\"},{\"name\":\"https\",\"status\":\"mocked\"},{\"name\":\"https\",\"status\":\"mocked\"},{\"name\":\"net\",\"status\":\"mocked\"}]"}}
[debug] [2024-05-28T10:15:04.697Z] [runtime-status] [12416] Resolved module firebase-functions {"declared":true,"installed":true,"version":"5.0.1","resolution":"H:\\Opash_Software\\Udemy_ReactNative\\Project_FoodApp\\FoodApp\\functions\\node_modules\\firebase-functions\\lib\\v1\\index.js"} {"metadata":{"emulator":{"name":"functions"},"function":{"name":"us-central1-helloWorld"},"extension":{},"message":"[runtime-status] [12416] Resolved module firebase-functions {\"declared\":true,\"installed\":true,\"version\":\"5.0.1\",\"resolution\":\"H:\\\\Opash_Software\\\\Udemy_ReactNative\\\\Project_FoodApp\\\\FoodApp\\\\functions\\\\node_modules\\\\firebase-functions\\\\lib\\\\v1\\\\index.js\"}"}}
[debug] [2024-05-28T10:15:04.955Z] [runtime-status] [12416] Checked functions.config() {"config":{}} {"metadata":{"emulator":{"name":"functions"},"function":{"name":"us-central1-helloWorld"},"extension":{},"message":"[runtime-status] [12416] Checked functions.config() {\"config\":{}}"}}
[debug] [2024-05-28T10:15:04.956Z] [runtime-status] [12416] firebase-functions has been stubbed. {"functionsResolution":{"declared":true,"installed":true,"version":"5.0.1","resolution":"H:\\Opash_Software\\Udemy_ReactNative\\Project_FoodApp\\FoodApp\\functions\\node_modules\\firebase-functions\\lib\\v1\\index.js"}} {"metadata":{"emulator":{"name":"functions"},"function":{"name":"us-central1-helloWorld"},"extension":{},"message":"[runtime-status] [12416] firebase-functions has been stubbed. {\"functionsResolution\":{\"declared\":true,\"installed\":true,\"version\":\"5.0.1\",\"resolution\":\"H:\\\\Opash_Software\\\\Udemy_ReactNative\\\\Project_FoodApp\\\\FoodApp\\\\functions\\\\node_modules\\\\firebase-functions\\\\lib\\\\v1\\\\index.js\"}}"}}
[debug] [2024-05-28T10:15:04.956Z] [runtime-status] [12416] Resolved module firebase-functions {"declared":true,"installed":true,"version":"5.0.1","resolution":"H:\\Opash_Software\\Udemy_ReactNative\\Project_FoodApp\\FoodApp\\functions\\node_modules\\firebase-functions\\lib\\v1\\index.js"} {"metadata":{"emulator":{"name":"functions"},"function":{"name":"us-central1-helloWorld"},"extension":{},"message":"[runtime-status] [12416] Resolved module firebase-functions {\"declared\":true,\"installed\":true,\"version\":\"5.0.1\",\"resolution\":\"H:\\\\Opash_Software\\\\Udemy_ReactNative\\\\Project_FoodApp\\\\FoodApp\\\\functions\\\\node_modules\\\\firebase-functions\\\\lib\\\\v1\\\\index.js\"}"}}
[debug] [2024-05-28T10:15:04.958Z] [runtime-status] [12416] Resolved module firebase-admin {"declared":true,"installed":true,"version":"12.1.1","resolution":"H:\\Opash_Software\\Udemy_ReactNative\\Project_FoodApp\\FoodApp\\functions\\node_modules\\firebase-admin\\lib\\index.js"} {"metadata":{"emulator":{"name":"functions"},"function":{"name":"us-central1-helloWorld"},"extension":{},"message":"[runtime-status] [12416] Resolved module firebase-admin {\"declared\":true,\"installed\":true,\"version\":\"12.1.1\",\"resolution\":\"H:\\\\Opash_Software\\\\Udemy_ReactNative\\\\Project_FoodApp\\\\FoodApp\\\\functions\\\\node_modules\\\\firebase-admin\\\\lib\\\\index.js\"}"}}
[debug] [2024-05-28T10:15:04.960Z] [runtime-status] [12416] Resolved module firebase-functions {"declared":true,"installed":true,"version":"5.0.1","resolution":"H:\\Opash_Software\\Udemy_ReactNative\\Project_FoodApp\\FoodApp\\functions\\node_modules\\firebase-functions\\lib\\v1\\index.js"} {"metadata":{"emulator":{"name":"functions"},"function":{"name":"us-central1-helloWorld"},"extension":{},"message":"[runtime-status] [12416] Resolved module firebase-functions {\"declared\":true,\"installed\":true,\"version\":\"5.0.1\",\"resolution\":\"H:\\\\Opash_Software\\\\Udemy_ReactNative\\\\Project_FoodApp\\\\FoodApp\\\\functions\\\\node_modules\\\\firebase-functions\\\\lib\\\\v1\\\\index.js\"}"}}
[debug] [2024-05-28T10:15:04.960Z] [runtime-status] [12416] firebase-admin has been stubbed. {"adminResolution":{"declared":true,"installed":true,"version":"12.1.1","resolution":"H:\\Opash_Software\\Udemy_ReactNative\\Project_FoodApp\\FoodApp\\functions\\node_modules\\firebase-admin\\lib\\index.js"}} {"metadata":{"emulator":{"name":"functions"},"function":{"name":"us-central1-helloWorld"},"extension":{},"message":"[runtime-status] [12416] firebase-admin has been stubbed. {\"adminResolution\":{\"declared\":true,\"installed\":true,\"version\":\"12.1.1\",\"resolution\":\"H:\\\\Opash_Software\\\\Udemy_ReactNative\\\\Project_FoodApp\\\\FoodApp\\\\functions\\\\node_modules\\\\firebase-admin\\\\lib\\\\index.js\"}}"}}
[debug] [2024-05-28T10:15:04.970Z] [runtime-status] [12416] Functions runtime initialized. {"cwd":"H:\\Opash_Software\\Udemy_ReactNative\\Project_FoodApp\\FoodApp\\functions","node_version":"20.13.1"} {"metadata":{"emulator":{"name":"functions"},"function":{"name":"us-central1-helloWorld"},"extension":{},"message":"[runtime-status] [12416] Functions runtime initialized. {\"cwd\":\"H:\\\\Opash_Software\\\\Udemy_ReactNative\\\\Project_FoodApp\\\\FoodApp\\\\functions\",\"node_version\":\"20.13.1\"}"}}
[debug] [2024-05-28T10:15:04.971Z] [runtime-status] [12416] Listening to port: \\?\pipe\fire_emu_ab9791f325c0ca02 {"metadata":{"emulator":{"name":"functions"},"function":{"name":"us-central1-helloWorld"},"extension":{},"message":"[runtime-status] [12416] Listening to port: \\\\?\\pipe\\fire_emu_ab9791f325c0ca02"}}
[debug] [2024-05-28T10:15:05.019Z] [worker-us-central1-helloWorld-dac73dcb-6aba-487f-9f2d-ca0a2c70f856]: IDLE {"metadata":{"emulator":{"name":"functions"},"function":{"name":"us-central1-helloWorld"},"extension":{},"message":"[worker-us-central1-helloWorld-dac73dcb-6aba-487f-9f2d-ca0a2c70f856]: IDLE"}}
[debug] [2024-05-28T10:15:05.019Z] [worker-pool] submitRequest(triggerId=us-central1-helloWorld) {"metadata":{"emulator":{"name":"functions"},"message":"[worker-pool] submitRequest(triggerId=us-central1-helloWorld)"}}
[info] i  functions: Beginning execution of "us-central1-helloWorld" {"metadata":{"emulator":{"name":"functions"},"function":{"name":"us-central1-helloWorld"},"extension":{},"message":"Beginning execution of \"us-central1-helloWorld\""}}
[debug] [2024-05-28T10:15:05.033Z] [worker-us-central1-helloWorld-dac73dcb-6aba-487f-9f2d-ca0a2c70f856]: BUSY {"metadata":{"emulator":{"name":"functions"},"function":{"name":"us-central1-helloWorld"},"extension":{},"message":"[worker-us-central1-helloWorld-dac73dcb-6aba-487f-9f2d-ca0a2c70f856]: BUSY"}}
[info] >  {"structuredData":true,"severity":"INFO","message":"Hello logs!"} {"user":{"structuredData":true,"severity":"INFO","message":"Hello logs!"},"metadata":{"emulator":{"name":"functions"},"function":{"name":"us-central1-helloWorld"},"extension":{},"message":"\u001b[90m> \u001b[39m {\"structuredData\":true,\"severity\":\"INFO\",\"message\":\"Hello logs!\"}"}}
[debug] [2024-05-28T10:15:05.048Z] Finishing up request with event=pause {"metadata":{"emulator":{"name":"functions"},"function":{"name":"us-central1-helloWorld"},"extension":{},"message":"Finishing up request with event=pause"}}
[info] i  functions: Finished "us-central1-helloWorld" in 15.8548ms {"metadata":{"emulator":{"name":"functions"},"function":{"name":"us-central1-helloWorld"},"extension":{},"message":"Finished \"us-central1-helloWorld\" in 15.8548ms"}}
[debug] [2024-05-28T10:15:05.051Z] [worker-us-central1-helloWorld-dac73dcb-6aba-487f-9f2d-ca0a2c70f856]: IDLE {"metadata":{"emulator":{"name":"functions"},"function":{"name":"us-central1-helloWorld"},"extension":{},"message":"[worker-us-central1-helloWorld-dac73dcb-6aba-487f-9f2d-ca0a2c70f856]: IDLE"}}
[debug] [2024-05-28T10:15:05.051Z] Finishing up request with event=finish {"metadata":{"emulator":{"name":"functions"},"function":{"name":"us-central1-helloWorld"},"extension":{},"message":"Finishing up request with event=finish"}}
[debug] [2024-05-28T10:15:05.051Z] Finishing up request with event=close {"metadata":{"emulator":{"name":"functions"},"function":{"name":"us-central1-helloWorld"},"extension":{},"message":"Finishing up request with event=close"}}
[debug] [2024-05-28T10:15:05.052Z] [work-queue] {"queuedWork":[],"queueLength":0,"runningWork":[],"workRunningCount":0}
[debug] [2024-05-28T10:15:17.720Z] File H:\Opash_Software\Udemy_ReactNative\Project_FoodApp\FoodApp\functions\index.js changed, reloading triggers {"metadata":{"emulator":{"name":"functions"},"message":"File H:\\Opash_Software\\Udemy_ReactNative\\Project_FoodApp\\FoodApp\\functions\\index.js changed, reloading triggers"}}
[debug] [2024-05-28T10:15:18.731Z] Validating nodejs source
[debug] [2024-05-28T10:15:20.930Z] > [functions] package.json contents: {
  "name": "functions",
  "description": "Cloud Functions for Firebase",
  "scripts": {
    "serve": "firebase emulators:start --only functions",
    "shell": "firebase functions:shell",
    "start": "npm run shell",
    "deploy": "firebase deploy --only functions",
    "logs": "firebase functions:log"
  },
  "engines": {
    "node": "18"
  },
  "main": "index.js",
  "dependencies": {
    "firebase-admin": "^12.1.0",
    "firebase-functions": "^5.0.0"
  },
  "devDependencies": {
    "firebase-functions-test": "^3.1.0"
  },
  "private": true
}
[debug] [2024-05-28T10:15:20.930Z] Building nodejs source
[debug] [2024-05-28T10:15:20.930Z] Failed to find version of module node: reached end of search path H:\Opash_Software\Udemy_ReactNative\Project_FoodApp\FoodApp\functions\node_modules
[warn] !  functions: Your requested "node" version "18" doesn't match your global version "20". Using node@20 from host. 
[debug] [2024-05-28T10:15:20.931Z] Could not find functions.yaml. Must use http discovery
[debug] [2024-05-28T10:15:20.946Z] Found firebase-functions binary at 'H:\Opash_Software\Udemy_ReactNative\Project_FoodApp\FoodApp\functions\node_modules\.bin\firebase-functions'
[debug] [2024-05-28T10:15:21.171Z] [work-queue] {"queuedWork":["/foodapp-424112/us-central1/helloWorld-2024-05-28T10:15:21.171Z"],"queueLength":1,"runningWork":[],"workRunningCount":0}
[debug] [2024-05-28T10:15:21.171Z] [work-queue] {"queuedWork":[],"queueLength":0,"runningWork":["/foodapp-424112/us-central1/helloWorld-2024-05-28T10:15:21.171Z"],"workRunningCount":1}
[debug] [2024-05-28T10:15:21.171Z] Accepted request GET /foodapp-424112/us-central1/helloWorld --> us-central1-helloWorld
[debug] [2024-05-28T10:15:21.175Z] [functions] Runtime ready! Sending request! {"metadata":{"emulator":{"name":"functions"},"message":"[functions] Runtime ready! Sending request!"}}
[debug] [2024-05-28T10:15:21.175Z] [functions] Got req.url=/foodapp-424112/us-central1/helloWorld, mapping to path=/ {"metadata":{"emulator":{"name":"functions"},"message":"[functions] Got req.url=/foodapp-424112/us-central1/helloWorld, mapping to path=/"}}
[debug] [2024-05-28T10:15:21.175Z] [worker-pool] submitRequest(triggerId=us-central1-helloWorld) {"metadata":{"emulator":{"name":"functions"},"message":"[worker-pool] submitRequest(triggerId=us-central1-helloWorld)"}}
[info] i  functions: Beginning execution of "us-central1-helloWorld" {"metadata":{"emulator":{"name":"functions"},"function":{"name":"us-central1-helloWorld"},"extension":{},"message":"Beginning execution of \"us-central1-helloWorld\""}}
[debug] [2024-05-28T10:15:21.176Z] [worker-us-central1-helloWorld-dac73dcb-6aba-487f-9f2d-ca0a2c70f856]: BUSY {"metadata":{"emulator":{"name":"functions"},"function":{"name":"us-central1-helloWorld"},"extension":{},"message":"[worker-us-central1-helloWorld-dac73dcb-6aba-487f-9f2d-ca0a2c70f856]: BUSY"}}
[info] >  {"structuredData":true,"severity":"INFO","message":"Hello logs!"} {"user":{"structuredData":true,"severity":"INFO","message":"Hello logs!"},"metadata":{"emulator":{"name":"functions"},"function":{"name":"us-central1-helloWorld"},"extension":{},"message":"\u001b[90m> \u001b[39m {\"structuredData\":true,\"severity\":\"INFO\",\"message\":\"Hello logs!\"}"}}
[debug] [2024-05-28T10:15:21.185Z] Finishing up request with event=pause {"metadata":{"emulator":{"name":"functions"},"function":{"name":"us-central1-helloWorld"},"extension":{},"message":"Finishing up request with event=pause"}}
[info] i  functions: Finished "us-central1-helloWorld" in 9.5573ms {"metadata":{"emulator":{"name":"functions"},"function":{"name":"us-central1-helloWorld"},"extension":{},"message":"Finished \"us-central1-helloWorld\" in 9.5573ms"}}
[debug] [2024-05-28T10:15:21.186Z] [worker-us-central1-helloWorld-dac73dcb-6aba-487f-9f2d-ca0a2c70f856]: IDLE {"metadata":{"emulator":{"name":"functions"},"function":{"name":"us-central1-helloWorld"},"extension":{},"message":"[worker-us-central1-helloWorld-dac73dcb-6aba-487f-9f2d-ca0a2c70f856]: IDLE"}}
[debug] [2024-05-28T10:15:21.187Z] Finishing up request with event=finish {"metadata":{"emulator":{"name":"functions"},"function":{"name":"us-central1-helloWorld"},"extension":{},"message":"Finishing up request with event=finish"}}
[debug] [2024-05-28T10:15:21.187Z] Finishing up request with event=close {"metadata":{"emulator":{"name":"functions"},"function":{"name":"us-central1-helloWorld"},"extension":{},"message":"Finishing up request with event=close"}}
[debug] [2024-05-28T10:15:21.187Z] [work-queue] {"queuedWork":[],"queueLength":0,"runningWork":[],"workRunningCount":0}
[info] Serving at port 8338

[debug] [2024-05-28T10:15:21.476Z] Got response from /__/functions.yaml {"endpoints":{"helloWorld":{"availableMemoryMb":null,"timeoutSeconds":null,"minInstances":null,"maxInstances":null,"ingressSettings":null,"concurrency":null,"serviceAccountEmail":null,"vpc":null,"platform":"gcfv2","labels":{},"httpsTrigger":{},"entryPoint":"helloWorld"}},"specVersion":"v1alpha1","requiredAPIs":[]}
[debug] [2024-05-28T10:15:22.960Z] [work-queue] {"queuedWork":["/foodapp-424112/us-central1/helloWorld-2024-05-28T10:15:22.960Z"],"queueLength":1,"runningWork":[],"workRunningCount":0}
[debug] [2024-05-28T10:15:22.961Z] [work-queue] {"queuedWork":[],"queueLength":0,"runningWork":["/foodapp-424112/us-central1/helloWorld-2024-05-28T10:15:22.960Z"],"workRunningCount":1}
[debug] [2024-05-28T10:15:22.961Z] Accepted request GET /foodapp-424112/us-central1/helloWorld --> us-central1-helloWorld
[debug] [2024-05-28T10:15:22.963Z] [functions] Runtime ready! Sending request! {"metadata":{"emulator":{"name":"functions"},"message":"[functions] Runtime ready! Sending request!"}}
[debug] [2024-05-28T10:15:22.964Z] [functions] Got req.url=/foodapp-424112/us-central1/helloWorld, mapping to path=/ {"metadata":{"emulator":{"name":"functions"},"message":"[functions] Got req.url=/foodapp-424112/us-central1/helloWorld, mapping to path=/"}}
[debug] [2024-05-28T10:15:22.964Z] [worker-pool] submitRequest(triggerId=us-central1-helloWorld) {"metadata":{"emulator":{"name":"functions"},"message":"[worker-pool] submitRequest(triggerId=us-central1-helloWorld)"}}
[info] i  functions: Beginning execution of "us-central1-helloWorld" {"metadata":{"emulator":{"name":"functions"},"function":{"name":"us-central1-helloWorld"},"extension":{},"message":"Beginning execution of \"us-central1-helloWorld\""}}
[debug] [2024-05-28T10:15:22.965Z] [worker-us-central1-helloWorld-dac73dcb-6aba-487f-9f2d-ca0a2c70f856]: BUSY {"metadata":{"emulator":{"name":"functions"},"function":{"name":"us-central1-helloWorld"},"extension":{},"message":"[worker-us-central1-helloWorld-dac73dcb-6aba-487f-9f2d-ca0a2c70f856]: BUSY"}}
[info] >  {"structuredData":true,"severity":"INFO","message":"Hello logs!"} {"user":{"structuredData":true,"severity":"INFO","message":"Hello logs!"},"metadata":{"emulator":{"name":"functions"},"function":{"name":"us-central1-helloWorld"},"extension":{},"message":"\u001b[90m> \u001b[39m {\"structuredData\":true,\"severity\":\"INFO\",\"message\":\"Hello logs!\"}"}}
[debug] [2024-05-28T10:15:22.971Z] Finishing up request with event=pause {"metadata":{"emulator":{"name":"functions"},"function":{"name":"us-central1-helloWorld"},"extension":{},"message":"Finishing up request with event=pause"}}
[info] i  functions: Finished "us-central1-helloWorld" in 6.2636ms {"metadata":{"emulator":{"name":"functions"},"function":{"name":"us-central1-helloWorld"},"extension":{},"message":"Finished \"us-central1-helloWorld\" in 6.2636ms"}}
[debug] [2024-05-28T10:15:22.972Z] [worker-us-central1-helloWorld-dac73dcb-6aba-487f-9f2d-ca0a2c70f856]: IDLE {"metadata":{"emulator":{"name":"functions"},"function":{"name":"us-central1-helloWorld"},"extension":{},"message":"[worker-us-central1-helloWorld-dac73dcb-6aba-487f-9f2d-ca0a2c70f856]: IDLE"}}
[debug] [2024-05-28T10:15:22.972Z] Finishing up request with event=finish {"metadata":{"emulator":{"name":"functions"},"function":{"name":"us-central1-helloWorld"},"extension":{},"message":"Finishing up request with event=finish"}}
[debug] [2024-05-28T10:15:22.972Z] Finishing up request with event=close {"metadata":{"emulator":{"name":"functions"},"function":{"name":"us-central1-helloWorld"},"extension":{},"message":"Finishing up request with event=close"}}
[debug] [2024-05-28T10:15:22.973Z] [work-queue] {"queuedWork":[],"queueLength":0,"runningWork":[],"workRunningCount":0}
[info] +  functions: Loaded functions definitions from source: helloWorld. {"metadata":{"emulator":{"name":"functions"},"message":"Loaded functions definitions from source: helloWorld."}}
[debug] [2024-05-28T10:15:26.515Z] [worker-pool] Shutting down IDLE worker (us-central1-helloWorld) {"metadata":{"emulator":{"name":"functions"},"message":"[worker-pool] Shutting down IDLE worker (us-central1-helloWorld)"}}
[debug] [2024-05-28T10:15:26.516Z] [worker-us-central1-helloWorld-dac73dcb-6aba-487f-9f2d-ca0a2c70f856]: FINISHING {"metadata":{"emulator":{"name":"functions"},"function":{"name":"us-central1-helloWorld"},"extension":{},"message":"[worker-us-central1-helloWorld-dac73dcb-6aba-487f-9f2d-ca0a2c70f856]: FINISHING"}}
[debug] [2024-05-28T10:15:26.524Z] [worker-us-central1-helloWorld-dac73dcb-6aba-487f-9f2d-ca0a2c70f856]: exited {"metadata":{"emulator":{"name":"functions"},"function":{"name":"us-central1-helloWorld"},"extension":{},"message":"[worker-us-central1-helloWorld-dac73dcb-6aba-487f-9f2d-ca0a2c70f856]: exited"}}
[debug] [2024-05-28T10:15:26.525Z] [worker-us-central1-helloWorld-dac73dcb-6aba-487f-9f2d-ca0a2c70f856]: FINISHED {"metadata":{"emulator":{"name":"functions"},"function":{"name":"us-central1-helloWorld"},"extension":{},"message":"[worker-us-central1-helloWorld-dac73dcb-6aba-487f-9f2d-ca0a2c70f856]: FINISHED"}}
[debug] [2024-05-28T10:15:30.553Z] [work-queue] {"queuedWork":["/foodapp-424112/us-central1/helloWorld-2024-05-28T10:15:30.553Z"],"queueLength":1,"runningWork":[],"workRunningCount":0}
[debug] [2024-05-28T10:15:30.553Z] [work-queue] {"queuedWork":[],"queueLength":0,"runningWork":["/foodapp-424112/us-central1/helloWorld-2024-05-28T10:15:30.553Z"],"workRunningCount":1}
[debug] [2024-05-28T10:15:30.553Z] Accepted request GET /foodapp-424112/us-central1/helloWorld --> us-central1-helloWorld
[debug] [2024-05-28T10:15:30.557Z] [functions] Runtime ready! Sending request! {"metadata":{"emulator":{"name":"functions"},"message":"[functions] Runtime ready! Sending request!"}}
[debug] [2024-05-28T10:15:30.557Z] [functions] Got req.url=/foodapp-424112/us-central1/helloWorld, mapping to path=/ {"metadata":{"emulator":{"name":"functions"},"message":"[functions] Got req.url=/foodapp-424112/us-central1/helloWorld, mapping to path=/"}}
[debug] [2024-05-28T10:15:30.557Z] [worker-pool] Cleaned up workers for us-central1-helloWorld: 1 --> 0 {"metadata":{"emulator":{"name":"functions"},"message":"[worker-pool] Cleaned up workers for us-central1-helloWorld: 1 --> 0"}}
[debug] [2024-05-28T10:15:30.566Z] [worker-pool] addWorker(us-central1-helloWorld) {"metadata":{"emulator":{"name":"functions"},"message":"[worker-pool] addWorker(us-central1-helloWorld)"}}
[debug] [2024-05-28T10:15:30.566Z] [worker-pool] Adding worker with key us-central1-helloWorld, total=1 {"metadata":{"emulator":{"name":"functions"},"message":"[worker-pool] Adding worker with key us-central1-helloWorld, total=1"}}
[debug] [2024-05-28T10:15:31.889Z] [runtime-status] [4956] Resolved module firebase-admin {"declared":true,"installed":true,"version":"12.1.1","resolution":"H:\\Opash_Software\\Udemy_ReactNative\\Project_FoodApp\\FoodApp\\functions\\node_modules\\firebase-admin\\lib\\index.js"} {"metadata":{"emulator":{"name":"functions"},"function":{"name":"us-central1-helloWorld"},"extension":{},"message":"[runtime-status] [4956] Resolved module firebase-admin {\"declared\":true,\"installed\":true,\"version\":\"12.1.1\",\"resolution\":\"H:\\\\Opash_Software\\\\Udemy_ReactNative\\\\Project_FoodApp\\\\FoodApp\\\\functions\\\\node_modules\\\\firebase-admin\\\\lib\\\\index.js\"}"}}
[debug] [2024-05-28T10:15:31.891Z] [runtime-status] [4956] Resolved module firebase-functions {"declared":true,"installed":true,"version":"5.0.1","resolution":"H:\\Opash_Software\\Udemy_ReactNative\\Project_FoodApp\\FoodApp\\functions\\node_modules\\firebase-functions\\lib\\v1\\index.js"} {"metadata":{"emulator":{"name":"functions"},"function":{"name":"us-central1-helloWorld"},"extension":{},"message":"[runtime-status] [4956] Resolved module firebase-functions {\"declared\":true,\"installed\":true,\"version\":\"5.0.1\",\"resolution\":\"H:\\\\Opash_Software\\\\Udemy_ReactNative\\\\Project_FoodApp\\\\FoodApp\\\\functions\\\\node_modules\\\\firebase-functions\\\\lib\\\\v1\\\\index.js\"}"}}
[debug] [2024-05-28T10:15:31.891Z] [runtime-status] [4956] Outgoing network have been stubbed. [{"name":"http","status":"mocked"},{"name":"http","status":"mocked"},{"name":"https","status":"mocked"},{"name":"https","status":"mocked"},{"name":"net","status":"mocked"}] {"metadata":{"emulator":{"name":"functions"},"function":{"name":"us-central1-helloWorld"},"extension":{},"message":"[runtime-status] [4956] Outgoing network have been stubbed. [{\"name\":\"http\",\"status\":\"mocked\"},{\"name\":\"http\",\"status\":\"mocked\"},{\"name\":\"https\",\"status\":\"mocked\"},{\"name\":\"https\",\"status\":\"mocked\"},{\"name\":\"net\",\"status\":\"mocked\"}]"}}
[debug] [2024-05-28T10:15:31.892Z] [runtime-status] [4956] Resolved module firebase-functions {"declared":true,"installed":true,"version":"5.0.1","resolution":"H:\\Opash_Software\\Udemy_ReactNative\\Project_FoodApp\\FoodApp\\functions\\node_modules\\firebase-functions\\lib\\v1\\index.js"} {"metadata":{"emulator":{"name":"functions"},"function":{"name":"us-central1-helloWorld"},"extension":{},"message":"[runtime-status] [4956] Resolved module firebase-functions {\"declared\":true,\"installed\":true,\"version\":\"5.0.1\",\"resolution\":\"H:\\\\Opash_Software\\\\Udemy_ReactNative\\\\Project_FoodApp\\\\FoodApp\\\\functions\\\\node_modules\\\\firebase-functions\\\\lib\\\\v1\\\\index.js\"}"}}
[debug] [2024-05-28T10:15:32.143Z] [runtime-status] [4956] Checked functions.config() {"config":{}} {"metadata":{"emulator":{"name":"functions"},"function":{"name":"us-central1-helloWorld"},"extension":{},"message":"[runtime-status] [4956] Checked functions.config() {\"config\":{}}"}}
[debug] [2024-05-28T10:15:32.144Z] [runtime-status] [4956] firebase-functions has been stubbed. {"functionsResolution":{"declared":true,"installed":true,"version":"5.0.1","resolution":"H:\\Opash_Software\\Udemy_ReactNative\\Project_FoodApp\\FoodApp\\functions\\node_modules\\firebase-functions\\lib\\v1\\index.js"}} {"metadata":{"emulator":{"name":"functions"},"function":{"name":"us-central1-helloWorld"},"extension":{},"message":"[runtime-status] [4956] firebase-functions has been stubbed. {\"functionsResolution\":{\"declared\":true,\"installed\":true,\"version\":\"5.0.1\",\"resolution\":\"H:\\\\Opash_Software\\\\Udemy_ReactNative\\\\Project_FoodApp\\\\FoodApp\\\\functions\\\\node_modules\\\\firebase-functions\\\\lib\\\\v1\\\\index.js\"}}"}}
[debug] [2024-05-28T10:15:32.144Z] [runtime-status] [4956] Resolved module firebase-functions {"declared":true,"installed":true,"version":"5.0.1","resolution":"H:\\Opash_Software\\Udemy_ReactNative\\Project_FoodApp\\FoodApp\\functions\\node_modules\\firebase-functions\\lib\\v1\\index.js"} {"metadata":{"emulator":{"name":"functions"},"function":{"name":"us-central1-helloWorld"},"extension":{},"message":"[runtime-status] [4956] Resolved module firebase-functions {\"declared\":true,\"installed\":true,\"version\":\"5.0.1\",\"resolution\":\"H:\\\\Opash_Software\\\\Udemy_ReactNative\\\\Project_FoodApp\\\\FoodApp\\\\functions\\\\node_modules\\\\firebase-functions\\\\lib\\\\v1\\\\index.js\"}"}}
[debug] [2024-05-28T10:15:32.146Z] [runtime-status] [4956] Resolved module firebase-admin {"declared":true,"installed":true,"version":"12.1.1","resolution":"H:\\Opash_Software\\Udemy_ReactNative\\Project_FoodApp\\FoodApp\\functions\\node_modules\\firebase-admin\\lib\\index.js"} {"metadata":{"emulator":{"name":"functions"},"function":{"name":"us-central1-helloWorld"},"extension":{},"message":"[runtime-status] [4956] Resolved module firebase-admin {\"declared\":true,\"installed\":true,\"version\":\"12.1.1\",\"resolution\":\"H:\\\\Opash_Software\\\\Udemy_ReactNative\\\\Project_FoodApp\\\\FoodApp\\\\functions\\\\node_modules\\\\firebase-admin\\\\lib\\\\index.js\"}"}}
[debug] [2024-05-28T10:15:32.149Z] [runtime-status] [4956] Resolved module firebase-functions {"declared":true,"installed":true,"version":"5.0.1","resolution":"H:\\Opash_Software\\Udemy_ReactNative\\Project_FoodApp\\FoodApp\\functions\\node_modules\\firebase-functions\\lib\\v1\\index.js"} {"metadata":{"emulator":{"name":"functions"},"function":{"name":"us-central1-helloWorld"},"extension":{},"message":"[runtime-status] [4956] Resolved module firebase-functions {\"declared\":true,\"installed\":true,\"version\":\"5.0.1\",\"resolution\":\"H:\\\\Opash_Software\\\\Udemy_ReactNative\\\\Project_FoodApp\\\\FoodApp\\\\functions\\\\node_modules\\\\firebase-functions\\\\lib\\\\v1\\\\index.js\"}"}}
[debug] [2024-05-28T10:15:32.149Z] [runtime-status] [4956] firebase-admin has been stubbed. {"adminResolution":{"declared":true,"installed":true,"version":"12.1.1","resolution":"H:\\Opash_Software\\Udemy_ReactNative\\Project_FoodApp\\FoodApp\\functions\\node_modules\\firebase-admin\\lib\\index.js"}} {"metadata":{"emulator":{"name":"functions"},"function":{"name":"us-central1-helloWorld"},"extension":{},"message":"[runtime-status] [4956] firebase-admin has been stubbed. {\"adminResolution\":{\"declared\":true,\"installed\":true,\"version\":\"12.1.1\",\"resolution\":\"H:\\\\Opash_Software\\\\Udemy_ReactNative\\\\Project_FoodApp\\\\FoodApp\\\\functions\\\\node_modules\\\\firebase-admin\\\\lib\\\\index.js\"}}"}}
[debug] [2024-05-28T10:15:32.158Z] [runtime-status] [4956] Functions runtime initialized. {"cwd":"H:\\Opash_Software\\Udemy_ReactNative\\Project_FoodApp\\FoodApp\\functions","node_version":"20.13.1"} {"metadata":{"emulator":{"name":"functions"},"function":{"name":"us-central1-helloWorld"},"extension":{},"message":"[runtime-status] [4956] Functions runtime initialized. {\"cwd\":\"H:\\\\Opash_Software\\\\Udemy_ReactNative\\\\Project_FoodApp\\\\FoodApp\\\\functions\",\"node_version\":\"20.13.1\"}"}}
[debug] [2024-05-28T10:15:32.159Z] [runtime-status] [4956] Listening to port: \\?\pipe\fire_emu_c1a89f77bf4f8c9e {"metadata":{"emulator":{"name":"functions"},"function":{"name":"us-central1-helloWorld"},"extension":{},"message":"[runtime-status] [4956] Listening to port: \\\\?\\pipe\\fire_emu_c1a89f77bf4f8c9e"}}
[debug] [2024-05-28T10:15:32.226Z] [worker-us-central1-helloWorld-8b151c0c-674b-4092-bc36-085271562cdc]: IDLE {"metadata":{"emulator":{"name":"functions"},"function":{"name":"us-central1-helloWorld"},"extension":{},"message":"[worker-us-central1-helloWorld-8b151c0c-674b-4092-bc36-085271562cdc]: IDLE"}}
[debug] [2024-05-28T10:15:32.226Z] [worker-pool] submitRequest(triggerId=us-central1-helloWorld) {"metadata":{"emulator":{"name":"functions"},"message":"[worker-pool] submitRequest(triggerId=us-central1-helloWorld)"}}
[info] i  functions: Beginning execution of "us-central1-helloWorld" {"metadata":{"emulator":{"name":"functions"},"function":{"name":"us-central1-helloWorld"},"extension":{},"message":"Beginning execution of \"us-central1-helloWorld\""}}
[debug] [2024-05-28T10:15:32.227Z] [worker-us-central1-helloWorld-8b151c0c-674b-4092-bc36-085271562cdc]: BUSY {"metadata":{"emulator":{"name":"functions"},"function":{"name":"us-central1-helloWorld"},"extension":{},"message":"[worker-us-central1-helloWorld-8b151c0c-674b-4092-bc36-085271562cdc]: BUSY"}}
[info] >  {"structuredData":true,"severity":"INFO","message":"Hello logs!"} {"user":{"structuredData":true,"severity":"INFO","message":"Hello logs!"},"metadata":{"emulator":{"name":"functions"},"function":{"name":"us-central1-helloWorld"},"extension":{},"message":"\u001b[90m> \u001b[39m {\"structuredData\":true,\"severity\":\"INFO\",\"message\":\"Hello logs!\"}"}}
[debug] [2024-05-28T10:15:32.244Z] Finishing up request with event=pause {"metadata":{"emulator":{"name":"functions"},"function":{"name":"us-central1-helloWorld"},"extension":{},"message":"Finishing up request with event=pause"}}
[info] i  functions: Finished "us-central1-helloWorld" in 17.9902ms {"metadata":{"emulator":{"name":"functions"},"function":{"name":"us-central1-helloWorld"},"extension":{},"message":"Finished \"us-central1-helloWorld\" in 17.9902ms"}}
[debug] [2024-05-28T10:15:32.246Z] [worker-us-central1-helloWorld-8b151c0c-674b-4092-bc36-085271562cdc]: IDLE {"metadata":{"emulator":{"name":"functions"},"function":{"name":"us-central1-helloWorld"},"extension":{},"message":"[worker-us-central1-helloWorld-8b151c0c-674b-4092-bc36-085271562cdc]: IDLE"}}
[debug] [2024-05-28T10:15:32.246Z] Finishing up request with event=finish {"metadata":{"emulator":{"name":"functions"},"function":{"name":"us-central1-helloWorld"},"extension":{},"message":"Finishing up request with event=finish"}}
[debug] [2024-05-28T10:15:32.246Z] Finishing up request with event=close {"metadata":{"emulator":{"name":"functions"},"function":{"name":"us-central1-helloWorld"},"extension":{},"message":"Finishing up request with event=close"}}
[debug] [2024-05-28T10:15:32.247Z] [work-queue] {"queuedWork":[],"queueLength":0,"runningWork":[],"workRunningCount":0}
